gpgv: Signature made Wed Dec  3 07:41:25 2014 IST using DSA key ID 437D05B5
gpgv: Good signature from "Ubuntu Archive Automatic Signing Key <ftpmaster@ubuntu.com>"
gpgv: Signature made Wed Dec  3 07:41:25 2014 IST using RSA key ID C0B21F32
gpgv: Good signature from "Ubuntu Archive Automatic Signing Key (2012) <ftpmaster@ubuntu.com>"
dpkg: warning: parsing file '/var/lib/dpkg/status' near line 4 package 'dpkg':
 missing description
dpkg: warning: parsing file '/var/lib/dpkg/status' near line 4 package 'dpkg':
 missing maintainer
dpkg: warning: parsing file '/var/lib/dpkg/status' near line 4 package 'dpkg':
 missing architecture
Selecting previously unselected package base-files.
dpkg: regarding .../base-files_7.2ubuntu7_armhf.deb containing base-files, pre-dependency problem:
 base-files pre-depends on awk
  awk is not installed.

dpkg: warning: ignoring pre-dependency problem!
(Reading database ... 0 files and directories currently installed.)
Preparing to unpack .../base-files_7.2ubuntu7_armhf.deb ...
Unpacking base-files (7.2ubuntu7) ...
Selecting previously unselected package base-passwd.
Preparing to unpack .../base-passwd_3.5.36_armhf.deb ...
Unpacking base-passwd (3.5.36) ...
dpkg: base-passwd: dependency problems, but configuring anyway as you requested:
 base-passwd depends on libc6 (>= 2.8); however:
  Package libc6 is not installed.
 base-passwd depends on libdebconfclient0 (>= 0.145); however:
  Package libdebconfclient0 is not installed.

Setting up base-passwd (3.5.36) ...
Use of uninitialized value in concatenation (.) or string at /usr/share/perl5/Debconf/Config.pm line 22.
dpkg: base-files: dependency problems, but configuring anyway as you requested:
 base-files depends on awk; however:
  Package awk is not installed.

Setting up base-files (7.2ubuntu7) ...
dpkg: warning: parsing file '/var/lib/dpkg/status' near line 56 package 'dpkg':
 missing description
dpkg: warning: parsing file '/var/lib/dpkg/status' near line 56 package 'dpkg':
 missing maintainer
dpkg: warning: parsing file '/var/lib/dpkg/status' near line 56 package 'dpkg':
 missing architecture
dpkg: regarding .../dpkg_1.17.13ubuntu1_armhf.deb containing dpkg, pre-dependency problem:
 dpkg pre-depends on libbz2-1.0
  libbz2-1.0 is not installed.

dpkg: warning: ignoring pre-dependency problem!
dpkg: regarding .../dpkg_1.17.13ubuntu1_armhf.deb containing dpkg, pre-dependency problem:
 dpkg pre-depends on libc6 (>= 2.11)
  libc6 is not installed.

dpkg: warning: ignoring pre-dependency problem!
dpkg: regarding .../dpkg_1.17.13ubuntu1_armhf.deb containing dpkg, pre-dependency problem:
 dpkg pre-depends on liblzma5 (>= 5.1.1alpha+20120614)
  liblzma5 is not installed.

dpkg: warning: ignoring pre-dependency problem!
dpkg: regarding .../dpkg_1.17.13ubuntu1_armhf.deb containing dpkg, pre-dependency problem:
 dpkg pre-depends on libselinux1 (>= 2.3)
  libselinux1 is not installed.

dpkg: warning: ignoring pre-dependency problem!
dpkg: regarding .../dpkg_1.17.13ubuntu1_armhf.deb containing dpkg, pre-dependency problem:
 dpkg pre-depends on zlib1g (>= 1:1.1.4)
  zlib1g is not installed.

dpkg: warning: ignoring pre-dependency problem!
dpkg: regarding .../dpkg_1.17.13ubuntu1_armhf.deb containing dpkg, pre-dependency problem:
 dpkg pre-depends on tar (>= 1.23)
  tar is not installed.

dpkg: warning: ignoring pre-dependency problem!
(Reading database ... 123 files and directories currently installed.)
Preparing to unpack .../dpkg_1.17.13ubuntu1_armhf.deb ...
Unpacking dpkg (1.17.13ubuntu1) over (1.17.13ubuntu1) ...
dpkg: dpkg: dependency problems, but configuring anyway as you requested:
 dpkg depends on libbz2-1.0; however:
  Package libbz2-1.0 is not installed.
 dpkg depends on libc6 (>= 2.11); however:
  Package libc6 is not installed.
 dpkg depends on liblzma5 (>= 5.1.1alpha+20120614); however:
  Package liblzma5 is not installed.
 dpkg depends on libselinux1 (>= 2.3); however:
  Package libselinux1 is not installed.
 dpkg depends on zlib1g (>= 1:1.1.4); however:
  Package zlib1g is not installed.
 dpkg depends on tar (>= 1.23); however:
  Package tar is not installed.

Setting up dpkg (1.17.13ubuntu1) ...
Selecting previously unselected package libc6:armhf.
(Reading database ... 377 files and directories currently installed.)
Preparing to unpack .../libc6_2.19-10ubuntu2_armhf.deb ...
Unpacking libc6:armhf (2.19-10ubuntu2) ...
dpkg: libc6:armhf: dependency problems, but configuring anyway as you requested:
 libc6:armhf depends on libgcc1; however:
  Package libgcc1 is not installed.

Setting up libc6:armhf (2.19-10ubuntu2) ...
Selecting previously unselected package perl-base.
(Reading database ... 693 files and directories currently installed.)
Preparing to unpack .../perl-base_5.20.1-1_armhf.deb ...
Unpacking perl-base (5.20.1-1) ...
Setting up perl-base (5.20.1-1) ...
Selecting previously unselected package mawk.
(Reading database ... 1263 files and directories currently installed.)
Preparing to unpack .../mawk_1.3.3-17ubuntu2_armhf.deb ...
Unpacking mawk (1.3.3-17ubuntu2) ...
Setting up mawk (1.3.3-17ubuntu2) ...
Selecting previously unselected package debconf.
(Reading database ... 1281 files and directories currently installed.)
Preparing to unpack .../debconf_1.5.53ubuntu1_all.deb ...
Unpacking debconf (1.5.53ubuntu1) ...
Setting up debconf (1.5.53ubuntu1) ...
Selecting previously unselected package adduser.
(Reading database ... 1459 files and directories currently installed.)
Preparing to unpack .../adduser_3.113+nmu3ubuntu3_all.deb ...
Unpacking adduser (3.113+nmu3ubuntu3) ...
Preparing to unpack .../base-files_7.2ubuntu7_armhf.deb ...
Unpacking base-files (7.2ubuntu7) over (7.2ubuntu7) ...
Preparing to unpack .../base-passwd_3.5.36_armhf.deb ...
Unpacking base-passwd (3.5.36) over (3.5.36) ...
Selecting previously unselected package bash.
dpkg: regarding .../bash_4.3-11ubuntu1_armhf.deb containing bash, pre-dependency problem:
 bash pre-depends on dash (>= 0.5.5.1-2.2)
  dash is not installed.

dpkg: warning: ignoring pre-dependency problem!
dpkg: regarding .../bash_4.3-11ubuntu1_armhf.deb containing bash, pre-dependency problem:
 bash pre-depends on libtinfo5
  libtinfo5 is not installed.

dpkg: warning: ignoring pre-dependency problem!
Preparing to unpack .../bash_4.3-11ubuntu1_armhf.deb ...
Unpacking bash (4.3-11ubuntu1) ...
Selecting previously unselected package bsdutils.
dpkg: regarding .../bsdutils_1%3a2.25.1-3ubuntu4_armhf.deb containing bsdutils, pre-dependency problem:
 bsdutils pre-depends on libsystemd-journal0 (>= 183)
  libsystemd-journal0 is not installed.

dpkg: warning: ignoring pre-dependency problem!
Preparing to unpack .../bsdutils_1%3a2.25.1-3ubuntu4_armhf.deb ...
Unpacking bsdutils (1:2.25.1-3ubuntu4) ...
Selecting previously unselected package busybox-initramfs.
Preparing to unpack .../busybox-initramfs_1%3a1.22.0-8ubuntu1_armhf.deb ...
Unpacking busybox-initramfs (1:1.22.0-8ubuntu1) ...
Selecting previously unselected package coreutils.
dpkg: regarding .../coreutils_8.23-2ubuntu3_armhf.deb containing coreutils, pre-dependency problem:
 coreutils pre-depends on libacl1 (>= 2.2.51-8)
  libacl1 is not installed.

dpkg: warning: ignoring pre-dependency problem!
dpkg: regarding .../coreutils_8.23-2ubuntu3_armhf.deb containing coreutils, pre-dependency problem:
 coreutils pre-depends on libattr1 (>= 1:2.4.46-8)
  libattr1 is not installed.

dpkg: warning: ignoring pre-dependency problem!
dpkg: regarding .../coreutils_8.23-2ubuntu3_armhf.deb containing coreutils, pre-dependency problem:
 coreutils pre-depends on libselinux1 (>= 2.1.13)
  libselinux1 is not installed.

dpkg: warning: ignoring pre-dependency problem!
Preparing to unpack .../coreutils_8.23-2ubuntu3_armhf.deb ...
Unpacking coreutils (8.23-2ubuntu3) ...
Selecting previously unselected package cpio.
Preparing to unpack .../cpio_2.11+dfsg-2ubuntu1_armhf.deb ...
Unpacking cpio (2.11+dfsg-2ubuntu1) ...
Selecting previously unselected package dash.
Preparing to unpack .../dash_0.5.7-4ubuntu1_armhf.deb ...
Adding 'diversion of /bin/sh to /bin/sh.distrib by dash'
Adding 'diversion of /usr/share/man/man1/sh.1.gz to /usr/share/man/man1/sh.distrib.1.gz by dash'
Unpacking dash (0.5.7-4ubuntu1) ...
Preparing to unpack .../debconf_1.5.53ubuntu1_all.deb ...
Unpacking debconf (1.5.53ubuntu1) over (1.5.53ubuntu1) ...
Selecting previously unselected package debianutils.
Preparing to unpack .../debianutils_4.4_armhf.deb ...
Unpacking debianutils (4.4) ...
Selecting previously unselected package diffutils.
Preparing to unpack .../diffutils_1%3a3.3-1_armhf.deb ...
Unpacking diffutils (1:3.3-1) ...
dpkg: regarding .../dpkg_1.17.13ubuntu1_armhf.deb containing dpkg, pre-dependency problem:
 dpkg pre-depends on libbz2-1.0
  libbz2-1.0 is not installed.

dpkg: warning: ignoring pre-dependency problem!
dpkg: regarding .../dpkg_1.17.13ubuntu1_armhf.deb containing dpkg, pre-dependency problem:
 dpkg pre-depends on liblzma5 (>= 5.1.1alpha+20120614)
  liblzma5 is not installed.

dpkg: warning: ignoring pre-dependency problem!
dpkg: regarding .../dpkg_1.17.13ubuntu1_armhf.deb containing dpkg, pre-dependency problem:
 dpkg pre-depends on libselinux1 (>= 2.3)
  libselinux1 is not installed.

dpkg: warning: ignoring pre-dependency problem!
dpkg: regarding .../dpkg_1.17.13ubuntu1_armhf.deb containing dpkg, pre-dependency problem:
 dpkg pre-depends on zlib1g (>= 1:1.1.4)
  zlib1g is not installed.

dpkg: warning: ignoring pre-dependency problem!
dpkg: regarding .../dpkg_1.17.13ubuntu1_armhf.deb containing dpkg, pre-dependency problem:
 dpkg pre-depends on tar (>= 1.23)
  tar is not installed.

dpkg: warning: ignoring pre-dependency problem!
Preparing to unpack .../dpkg_1.17.13ubuntu1_armhf.deb ...
Unpacking dpkg (1.17.13ubuntu1) over (1.17.13ubuntu1) ...
Selecting previously unselected package e2fslibs:armhf.
dpkg: regarding .../e2fslibs_1.42.10-1.1ubuntu1_armhf.deb containing e2fslibs:armhf, pre-dependency problem:
 e2fslibs pre-depends on multiarch-support
  multiarch-support is not installed.

dpkg: warning: ignoring pre-dependency problem!
Preparing to unpack .../e2fslibs_1.42.10-1.1ubuntu1_armhf.deb ...
Unpacking e2fslibs:armhf (1.42.10-1.1ubuntu1) ...
Selecting previously unselected package e2fsprogs.
dpkg: regarding .../e2fsprogs_1.42.10-1.1ubuntu1_armhf.deb containing e2fsprogs, pre-dependency problem:
 e2fsprogs pre-depends on e2fslibs (= 1.42.10-1.1ubuntu1)
  e2fslibs:armhf is unpacked, but has never been configured.

dpkg: warning: ignoring pre-dependency problem!
dpkg: regarding .../e2fsprogs_1.42.10-1.1ubuntu1_armhf.deb containing e2fsprogs, pre-dependency problem:
 e2fsprogs pre-depends on libblkid1 (>= 2.17.2)
  libblkid1 is not installed.

dpkg: warning: ignoring pre-dependency problem!
dpkg: regarding .../e2fsprogs_1.42.10-1.1ubuntu1_armhf.deb containing e2fsprogs, pre-dependency problem:
 e2fsprogs pre-depends on libcomerr2 (>= 1.42~WIP-2011-10-05-1)
  libcomerr2 is not installed.

dpkg: warning: ignoring pre-dependency problem!
dpkg: regarding .../e2fsprogs_1.42.10-1.1ubuntu1_armhf.deb containing e2fsprogs, pre-dependency problem:
 e2fsprogs pre-depends on libss2 (>= 1.34-1)
  libss2 is not installed.

dpkg: warning: ignoring pre-dependency problem!
dpkg: regarding .../e2fsprogs_1.42.10-1.1ubuntu1_armhf.deb containing e2fsprogs, pre-dependency problem:
 e2fsprogs pre-depends on libuuid1 (>= 2.16)
  libuuid1 is not installed.

dpkg: warning: ignoring pre-dependency problem!
dpkg: regarding .../e2fsprogs_1.42.10-1.1ubuntu1_armhf.deb containing e2fsprogs, pre-dependency problem:
 e2fsprogs pre-depends on util-linux (>= 2.15~rc1-1)
  util-linux is not installed.

dpkg: warning: ignoring pre-dependency problem!
Preparing to unpack .../e2fsprogs_1.42.10-1.1ubuntu1_armhf.deb ...
Unpacking e2fsprogs (1.42.10-1.1ubuntu1) ...
Selecting previously unselected package findutils.
Preparing to unpack .../findutils_4.4.2-9_armhf.deb ...
Unpacking findutils (4.4.2-9) ...
Selecting previously unselected package gcc-4.9-base:armhf.
Preparing to unpack .../gcc-4.9-base_4.9.1-16ubuntu6_armhf.deb ...
Unpacking gcc-4.9-base:armhf (4.9.1-16ubuntu6) ...
Selecting previously unselected package grep.
Preparing to unpack .../archives/grep_2.20-3_armhf.deb ...
Unpacking grep (2.20-3) ...
Selecting previously unselected package gzip.
Preparing to unpack .../gzip_1.6-3ubuntu1_armhf.deb ...
Unpacking gzip (1.6-3ubuntu1) ...
Selecting previously unselected package hostname.
Preparing to unpack .../hostname_3.15ubuntu2_armhf.deb ...
Unpacking hostname (3.15ubuntu2) ...
Selecting previously unselected package ifupdown.
Preparing to unpack .../ifupdown_0.7.48.1ubuntu5_armhf.deb ...
Unpacking ifupdown (0.7.48.1ubuntu5) ...
Selecting previously unselected package init-system-helpers.
Preparing to unpack .../init-system-helpers_1.20ubuntu3_all.deb ...
Unpacking init-system-helpers (1.20ubuntu3) ...
Selecting previously unselected package initramfs-tools.
Preparing to unpack .../initramfs-tools_0.103ubuntu8_all.deb ...
Unpacking initramfs-tools (0.103ubuntu8) ...
Selecting previously unselected package initramfs-tools-bin.
Preparing to unpack .../initramfs-tools-bin_0.103ubuntu8_armhf.deb ...
Unpacking initramfs-tools-bin (0.103ubuntu8) ...
Selecting previously unselected package initscripts.
Preparing to unpack .../initscripts_2.88dsf-41ubuntu18_armhf.deb ...
Unpacking initscripts (2.88dsf-41ubuntu18) ...
Selecting previously unselected package insserv.
Preparing to unpack .../insserv_1.14.0-5ubuntu2_armhf.deb ...
Unpacking insserv (1.14.0-5ubuntu2) ...
Selecting previously unselected package iproute2.
Preparing to unpack .../iproute2_3.16.0-2_armhf.deb ...
Unpacking iproute2 (3.16.0-2) ...
Selecting previously unselected package klibc-utils.
Preparing to unpack .../klibc-utils_2.0.3-0ubuntu1_armhf.deb ...
Unpacking klibc-utils (2.0.3-0ubuntu1) ...
Selecting previously unselected package kmod.
Preparing to unpack .../kmod_18-1ubuntu2_armhf.deb ...
Unpacking kmod (18-1ubuntu2) ...
Selecting previously unselected package libacl1:armhf.
dpkg: regarding .../libacl1_2.2.52-1.1_armhf.deb containing libacl1:armhf, pre-dependency problem:
 libacl1 pre-depends on multiarch-support
  multiarch-support is not installed.

dpkg: warning: ignoring pre-dependency problem!
Preparing to unpack .../libacl1_2.2.52-1.1_armhf.deb ...
Unpacking libacl1:armhf (2.2.52-1.1) ...
Selecting previously unselected package libattr1:armhf.
dpkg: regarding .../libattr1_1%3a2.4.47-2_armhf.deb containing libattr1:armhf, pre-dependency problem:
 libattr1 pre-depends on multiarch-support
  multiarch-support is not installed.

dpkg: warning: ignoring pre-dependency problem!
Preparing to unpack .../libattr1_1%3a2.4.47-2_armhf.deb ...
Unpacking libattr1:armhf (1:2.4.47-2) ...
Selecting previously unselected package libaudit-common.
Preparing to unpack .../libaudit-common_1%3a2.3.7-1ubuntu1_all.deb ...
Unpacking libaudit-common (1:2.3.7-1ubuntu1) ...
Selecting previously unselected package libaudit1:armhf.
dpkg: regarding .../libaudit1_1%3a2.3.7-1ubuntu1_armhf.deb containing libaudit1:armhf, pre-dependency problem:
 libaudit1 pre-depends on multiarch-support
  multiarch-support is not installed.

dpkg: warning: ignoring pre-dependency problem!
Preparing to unpack .../libaudit1_1%3a2.3.7-1ubuntu1_armhf.deb ...
Unpacking libaudit1:armhf (1:2.3.7-1ubuntu1) ...
Selecting previously unselected package libblkid1:armhf.
dpkg: regarding .../libblkid1_2.25.1-3ubuntu4_armhf.deb containing libblkid1:armhf, pre-dependency problem:
 libblkid1 pre-depends on multiarch-support
  multiarch-support is not installed.

dpkg: warning: ignoring pre-dependency problem!
Preparing to unpack .../libblkid1_2.25.1-3ubuntu4_armhf.deb ...
Unpacking libblkid1:armhf (2.25.1-3ubuntu4) ...
Selecting previously unselected package libbz2-1.0:armhf.
dpkg: regarding .../libbz2-1.0_1.0.6-5ubuntu5_armhf.deb containing libbz2-1.0:armhf, pre-dependency problem:
 libbz2-1.0 pre-depends on multiarch-support
  multiarch-support is not installed.

dpkg: warning: ignoring pre-dependency problem!
Preparing to unpack .../libbz2-1.0_1.0.6-5ubuntu5_armhf.deb ...
Unpacking libbz2-1.0:armhf (1.0.6-5ubuntu5) ...
Selecting previously unselected package libc-bin.
Preparing to unpack .../libc-bin_2.19-10ubuntu2_armhf.deb ...
Unpacking libc-bin (2.19-10ubuntu2) ...
Preparing to unpack .../libc6_2.19-10ubuntu2_armhf.deb ...
Unpacking libc6:armhf (2.19-10ubuntu2) over (2.19-10ubuntu2) ...
Selecting previously unselected package libcap2:armhf.
dpkg: regarding .../libcap2_1%3a2.24-0ubuntu2_armhf.deb containing libcap2:armhf, pre-dependency problem:
 libcap2 pre-depends on multiarch-support
  multiarch-support is not installed.

dpkg: warning: ignoring pre-dependency problem!
Preparing to unpack .../libcap2_1%3a2.24-0ubuntu2_armhf.deb ...
Unpacking libcap2:armhf (1:2.24-0ubuntu2) ...
Selecting previously unselected package libcgmanager0:armhf.
Preparing to unpack .../libcgmanager0_0.32-4ubuntu1_armhf.deb ...
Unpacking libcgmanager0:armhf (0.32-4ubuntu1) ...
Selecting previously unselected package libcomerr2:armhf.
dpkg: regarding .../libcomerr2_1.42.10-1.1ubuntu1_armhf.deb containing libcomerr2:armhf, pre-dependency problem:
 libcomerr2 pre-depends on multiarch-support
  multiarch-support is not installed.

dpkg: warning: ignoring pre-dependency problem!
Preparing to unpack .../libcomerr2_1.42.10-1.1ubuntu1_armhf.deb ...
Unpacking libcomerr2:armhf (1.42.10-1.1ubuntu1) ...
Selecting previously unselected package libdb5.3:armhf.
dpkg: regarding .../libdb5.3_5.3.28-5_armhf.deb containing libdb5.3:armhf, pre-dependency problem:
 libdb5.3 pre-depends on multiarch-support
  multiarch-support is not installed.

dpkg: warning: ignoring pre-dependency problem!
Preparing to unpack .../libdb5.3_5.3.28-5_armhf.deb ...
Unpacking libdb5.3:armhf (5.3.28-5) ...
Selecting previously unselected package libdbus-1-3:armhf.
dpkg: regarding .../libdbus-1-3_1.8.8-1ubuntu2_armhf.deb containing libdbus-1-3:armhf, pre-dependency problem:
 libdbus-1-3 pre-depends on multiarch-support
  multiarch-support is not installed.

dpkg: warning: ignoring pre-dependency problem!
Preparing to unpack .../libdbus-1-3_1.8.8-1ubuntu2_armhf.deb ...
Unpacking libdbus-1-3:armhf (1.8.8-1ubuntu2) ...
Selecting previously unselected package libdebconfclient0:armhf.
dpkg: regarding .../libdebconfclient0_0.191ubuntu1_armhf.deb containing libdebconfclient0:armhf, pre-dependency problem:
 libdebconfclient0 pre-depends on multiarch-support
  multiarch-support is not installed.

dpkg: warning: ignoring pre-dependency problem!
Preparing to unpack .../libdebconfclient0_0.191ubuntu1_armhf.deb ...
Unpacking libdebconfclient0:armhf (0.191ubuntu1) ...
Selecting previously unselected package libdrm2:armhf.
dpkg: regarding .../libdrm2_2.4.56-1_armhf.deb containing libdrm2:armhf, pre-dependency problem:
 libdrm2 pre-depends on multiarch-support
  multiarch-support is not installed.

dpkg: warning: ignoring pre-dependency problem!
Preparing to unpack .../libdrm2_2.4.56-1_armhf.deb ...
Unpacking libdrm2:armhf (2.4.56-1) ...
Selecting previously unselected package libgcc1:armhf.
dpkg: regarding .../libgcc1_1%3a4.9.1-16ubuntu6_armhf.deb containing libgcc1:armhf, pre-dependency problem:
 libgcc1 pre-depends on multiarch-support
  multiarch-support is not installed.

dpkg: warning: ignoring pre-dependency problem!
Preparing to unpack .../libgcc1_1%3a4.9.1-16ubuntu6_armhf.deb ...
Unpacking libgcc1:armhf (1:4.9.1-16ubuntu6) ...
Selecting previously unselected package libgcrypt11:armhf.
dpkg: regarding .../libgcrypt11_1.5.4-2ubuntu1_armhf.deb containing libgcrypt11:armhf, pre-dependency problem:
 libgcrypt11 pre-depends on multiarch-support
  multiarch-support is not installed.

dpkg: warning: ignoring pre-dependency problem!
Preparing to unpack .../libgcrypt11_1.5.4-2ubuntu1_armhf.deb ...
Unpacking libgcrypt11:armhf (1.5.4-2ubuntu1) ...
Selecting previously unselected package libgdbm3:armhf.
dpkg: regarding .../libgdbm3_1.8.3-13_armhf.deb containing libgdbm3:armhf, pre-dependency problem:
 libgdbm3 pre-depends on multiarch-support
  multiarch-support is not installed.

dpkg: warning: ignoring pre-dependency problem!
Preparing to unpack .../libgdbm3_1.8.3-13_armhf.deb ...
Unpacking libgdbm3:armhf (1.8.3-13) ...
Selecting previously unselected package libgpg-error0:armhf.
dpkg: regarding .../libgpg-error0_1.13-4_armhf.deb containing libgpg-error0:armhf, pre-dependency problem:
 libgpg-error0 pre-depends on multiarch-support
  multiarch-support is not installed.

dpkg: warning: ignoring pre-dependency problem!
Preparing to unpack .../libgpg-error0_1.13-4_armhf.deb ...
Unpacking libgpg-error0:armhf (1.13-4) ...
Selecting previously unselected package libjson-c2:armhf.
dpkg: regarding .../libjson-c2_0.11-4ubuntu1_armhf.deb containing libjson-c2:armhf, pre-dependency problem:
 libjson-c2 pre-depends on multiarch-support
  multiarch-support is not installed.

dpkg: warning: ignoring pre-dependency problem!
Preparing to unpack .../libjson-c2_0.11-4ubuntu1_armhf.deb ...
Unpacking libjson-c2:armhf (0.11-4ubuntu1) ...
Selecting previously unselected package libjson0:armhf.
Preparing to unpack .../libjson0_0.11-4ubuntu1_armhf.deb ...
Unpacking libjson0:armhf (0.11-4ubuntu1) ...
Selecting previously unselected package libklibc.
Preparing to unpack .../libklibc_2.0.3-0ubuntu1_armhf.deb ...
Unpacking libklibc (2.0.3-0ubuntu1) ...
Selecting previously unselected package libkmod2:armhf.
dpkg: regarding .../libkmod2_18-1ubuntu2_armhf.deb containing libkmod2:armhf, pre-dependency problem:
 libkmod2 pre-depends on multiarch-support
  multiarch-support is not installed.

dpkg: warning: ignoring pre-dependency problem!
Preparing to unpack .../libkmod2_18-1ubuntu2_armhf.deb ...
Unpacking libkmod2:armhf (18-1ubuntu2) ...
Selecting previously unselected package liblzma5:armhf.
dpkg: regarding .../liblzma5_5.1.1alpha+20120614-2ubuntu2_armhf.deb containing liblzma5:armhf, pre-dependency problem:
 liblzma5 pre-depends on multiarch-support
  multiarch-support is not installed.

dpkg: warning: ignoring pre-dependency problem!
Preparing to unpack .../liblzma5_5.1.1alpha+20120614-2ubuntu2_armhf.deb ...
Unpacking liblzma5:armhf (5.1.1alpha+20120614-2ubuntu2) ...
Selecting previously unselected package libmount1:armhf.
dpkg: regarding .../libmount1_2.25.1-3ubuntu4_armhf.deb containing libmount1:armhf, pre-dependency problem:
 libmount1 pre-depends on multiarch-support
  multiarch-support is not installed.

dpkg: warning: ignoring pre-dependency problem!
Preparing to unpack .../libmount1_2.25.1-3ubuntu4_armhf.deb ...
Unpacking libmount1:armhf (2.25.1-3ubuntu4) ...
Selecting previously unselected package libncurses5:armhf.
dpkg: regarding .../libncurses5_5.9+20140712-2ubuntu1_armhf.deb containing libncurses5:armhf, pre-dependency problem:
 libncurses5 pre-depends on multiarch-support
  multiarch-support is not installed.

dpkg: warning: ignoring pre-dependency problem!
dpkg: regarding .../libncurses5_5.9+20140712-2ubuntu1_armhf.deb containing libncurses5:armhf, pre-dependency problem:
 libncurses5 pre-depends on libtinfo5 (>= 5.9-3)
  libtinfo5 is not installed.

dpkg: warning: ignoring pre-dependency problem!
Preparing to unpack .../libncurses5_5.9+20140712-2ubuntu1_armhf.deb ...
Unpacking libncurses5:armhf (5.9+20140712-2ubuntu1) ...
Selecting previously unselected package libncursesw5:armhf.
dpkg: regarding .../libncursesw5_5.9+20140712-2ubuntu1_armhf.deb containing libncursesw5:armhf, pre-dependency problem:
 libncursesw5 pre-depends on multiarch-support
  multiarch-support is not installed.

dpkg: warning: ignoring pre-dependency problem!
Preparing to unpack .../libncursesw5_5.9+20140712-2ubuntu1_armhf.deb ...
Unpacking libncursesw5:armhf (5.9+20140712-2ubuntu1) ...
Selecting previously unselected package libnih-dbus1:armhf.
dpkg: regarding .../libnih-dbus1_1.0.3-4ubuntu26_armhf.deb containing libnih-dbus1:armhf, pre-dependency problem:
 libnih-dbus1 pre-depends on multiarch-support
  multiarch-support is not installed.

dpkg: warning: ignoring pre-dependency problem!
Preparing to unpack .../libnih-dbus1_1.0.3-4ubuntu26_armhf.deb ...
Unpacking libnih-dbus1:armhf (1.0.3-4ubuntu26) ...
Selecting previously unselected package libnih1:armhf.
dpkg: regarding .../libnih1_1.0.3-4ubuntu26_armhf.deb containing libnih1:armhf, pre-dependency problem:
 libnih1 pre-depends on multiarch-support
  multiarch-support is not installed.

dpkg: warning: ignoring pre-dependency problem!
Preparing to unpack .../libnih1_1.0.3-4ubuntu26_armhf.deb ...
Unpacking libnih1:armhf (1.0.3-4ubuntu26) ...
Selecting previously unselected package libpam-modules:armhf.
dpkg: regarding .../libpam-modules_1.1.8-3ubuntu4_armhf.deb containing libpam-modules:armhf, pre-dependency problem:
 libpam-modules pre-depends on libaudit1 (>= 1:2.2.1)
  libaudit1:armhf is unpacked, but has never been configured.

dpkg: warning: ignoring pre-dependency problem!
dpkg: regarding .../libpam-modules_1.1.8-3ubuntu4_armhf.deb containing libpam-modules:armhf, pre-dependency problem:
 libpam-modules pre-depends on libdb5.3
  libdb5.3:armhf is unpacked, but has never been configured.

dpkg: warning: ignoring pre-dependency problem!
dpkg: regarding .../libpam-modules_1.1.8-3ubuntu4_armhf.deb containing libpam-modules:armhf, pre-dependency problem:
 libpam-modules pre-depends on libpam0g (>= 1.1.3-2)
  libpam0g is not installed.

dpkg: warning: ignoring pre-dependency problem!
dpkg: regarding .../libpam-modules_1.1.8-3ubuntu4_armhf.deb containing libpam-modules:armhf, pre-dependency problem:
 libpam-modules pre-depends on libselinux1 (>= 2.1.9)
  libselinux1 is not installed.

dpkg: warning: ignoring pre-dependency problem!
dpkg: regarding .../libpam-modules_1.1.8-3ubuntu4_armhf.deb containing libpam-modules:armhf, pre-dependency problem:
 libpam-modules pre-depends on libpam-modules-bin (= 1.1.8-3ubuntu4)
  libpam-modules-bin is not installed.

dpkg: warning: ignoring pre-dependency problem!
Preparing to unpack .../libpam-modules_1.1.8-3ubuntu4_armhf.deb ...
Unpacking libpam-modules:armhf (1.1.8-3ubuntu4) ...
Selecting previously unselected package libpam-modules-bin.
Preparing to unpack .../libpam-modules-bin_1.1.8-3ubuntu4_armhf.deb ...
Unpacking libpam-modules-bin (1.1.8-3ubuntu4) ...
Selecting previously unselected package libpam-runtime.
Preparing to unpack .../libpam-runtime_1.1.8-3ubuntu4_all.deb ...
Unpacking libpam-runtime (1.1.8-3ubuntu4) ...
Selecting previously unselected package libpam0g:armhf.
dpkg: regarding .../libpam0g_1.1.8-3ubuntu4_armhf.deb containing libpam0g:armhf, pre-dependency problem:
 libpam0g pre-depends on multiarch-support
  multiarch-support is not installed.

dpkg: warning: ignoring pre-dependency problem!
Preparing to unpack .../libpam0g_1.1.8-3ubuntu4_armhf.deb ...
Unpacking libpam0g:armhf (1.1.8-3ubuntu4) ...
Selecting previously unselected package libpcre3:armhf.
dpkg: regarding .../libpcre3_1%3a8.35-3ubuntu1_armhf.deb containing libpcre3:armhf, pre-dependency problem:
 libpcre3 pre-depends on multiarch-support
  multiarch-support is not installed.

dpkg: warning: ignoring pre-dependency problem!
Preparing to unpack .../libpcre3_1%3a8.35-3ubuntu1_armhf.deb ...
Unpacking libpcre3:armhf (1:8.35-3ubuntu1) ...
Selecting previously unselected package libplymouth4:armhf.
dpkg: regarding .../libplymouth4_0.9.0-0ubuntu7_armhf.deb containing libplymouth4:armhf, pre-dependency problem:
 libplymouth4 pre-depends on multiarch-support
  multiarch-support is not installed.

dpkg: warning: ignoring pre-dependency problem!
Preparing to unpack .../libplymouth4_0.9.0-0ubuntu7_armhf.deb ...
Unpacking libplymouth4:armhf (0.9.0-0ubuntu7) ...
Selecting previously unselected package libpng12-0:armhf.
dpkg: regarding .../libpng12-0_1.2.51-0ubuntu3_armhf.deb containing libpng12-0:armhf, pre-dependency problem:
 libpng12-0 pre-depends on multiarch-support
  multiarch-support is not installed.

dpkg: warning: ignoring pre-dependency problem!
Preparing to unpack .../libpng12-0_1.2.51-0ubuntu3_armhf.deb ...
Unpacking libpng12-0:armhf (1.2.51-0ubuntu3) ...
Selecting previously unselected package libprocps3:armhf.
dpkg: regarding .../libprocps3_1%3a3.3.9-1ubuntu5_armhf.deb containing libprocps3:armhf, pre-dependency problem:
 libprocps3 pre-depends on multiarch-support
  multiarch-support is not installed.

dpkg: warning: ignoring pre-dependency problem!
Preparing to unpack .../libprocps3_1%3a3.3.9-1ubuntu5_armhf.deb ...
Unpacking libprocps3:armhf (1:3.3.9-1ubuntu5) ...
Selecting previously unselected package libselinux1:armhf.
dpkg: regarding .../libselinux1_2.3-1build1_armhf.deb containing libselinux1:armhf, pre-dependency problem:
 libselinux1 pre-depends on multiarch-support
  multiarch-support is not installed.

dpkg: warning: ignoring pre-dependency problem!
Preparing to unpack .../libselinux1_2.3-1build1_armhf.deb ...
Unpacking libselinux1:armhf (2.3-1build1) ...
Selecting previously unselected package libsemanage-common.
Preparing to unpack .../libsemanage-common_2.3-1_all.deb ...
Unpacking libsemanage-common (2.3-1) ...
Selecting previously unselected package libsemanage1:armhf.
dpkg: regarding .../libsemanage1_2.3-1_armhf.deb containing libsemanage1:armhf, pre-dependency problem:
 libsemanage1 pre-depends on multiarch-support
  multiarch-support is not installed.

dpkg: warning: ignoring pre-dependency problem!
Preparing to unpack .../libsemanage1_2.3-1_armhf.deb ...
Unpacking libsemanage1:armhf (2.3-1) ...
Selecting previously unselected package libsepol1:armhf.
dpkg: regarding .../libsepol1_2.3-2_armhf.deb containing libsepol1:armhf, pre-dependency problem:
 libsepol1 pre-depends on multiarch-support
  multiarch-support is not installed.

dpkg: warning: ignoring pre-dependency problem!
Preparing to unpack .../libsepol1_2.3-2_armhf.deb ...
Unpacking libsepol1:armhf (2.3-2) ...
Selecting previously unselected package libslang2:armhf.
dpkg: regarding .../libslang2_2.2.4-17ubuntu1_armhf.deb containing libslang2:armhf, pre-dependency problem:
 libslang2 pre-depends on multiarch-support
  multiarch-support is not installed.

dpkg: warning: ignoring pre-dependency problem!
Preparing to unpack .../libslang2_2.2.4-17ubuntu1_armhf.deb ...
Unpacking libslang2:armhf (2.2.4-17ubuntu1) ...
Selecting previously unselected package libsmartcols1:armhf.
dpkg: regarding .../libsmartcols1_2.25.1-3ubuntu4_armhf.deb containing libsmartcols1:armhf, pre-dependency problem:
 libsmartcols1 pre-depends on multiarch-support
  multiarch-support is not installed.

dpkg: warning: ignoring pre-dependency problem!
Preparing to unpack .../libsmartcols1_2.25.1-3ubuntu4_armhf.deb ...
Unpacking libsmartcols1:armhf (2.25.1-3ubuntu4) ...
Selecting previously unselected package libss2:armhf.
dpkg: regarding .../libss2_1.42.10-1.1ubuntu1_armhf.deb containing libss2:armhf, pre-dependency problem:
 libss2 pre-depends on multiarch-support
  multiarch-support is not installed.

dpkg: warning: ignoring pre-dependency problem!
Preparing to unpack .../libss2_1.42.10-1.1ubuntu1_armhf.deb ...
Unpacking libss2:armhf (1.42.10-1.1ubuntu1) ...
Selecting previously unselected package libsystemd-journal0:armhf.
dpkg: regarding .../libsystemd-journal0_208-8ubuntu8_armhf.deb containing libsystemd-journal0:armhf, pre-dependency problem:
 libsystemd-journal0 pre-depends on multiarch-support
  multiarch-support is not installed.

dpkg: warning: ignoring pre-dependency problem!
Preparing to unpack .../libsystemd-journal0_208-8ubuntu8_armhf.deb ...
Unpacking libsystemd-journal0:armhf (208-8ubuntu8) ...
Selecting previously unselected package libtinfo5:armhf.
dpkg: regarding .../libtinfo5_5.9+20140712-2ubuntu1_armhf.deb containing libtinfo5:armhf, pre-dependency problem:
 libtinfo5 pre-depends on multiarch-support
  multiarch-support is not installed.

dpkg: warning: ignoring pre-dependency problem!
Preparing to unpack .../libtinfo5_5.9+20140712-2ubuntu1_armhf.deb ...
Unpacking libtinfo5:armhf (5.9+20140712-2ubuntu1) ...
Selecting previously unselected package libudev1:armhf.
dpkg: regarding .../libudev1_208-8ubuntu8_armhf.deb containing libudev1:armhf, pre-dependency problem:
 libudev1 pre-depends on multiarch-support
  multiarch-support is not installed.

dpkg: warning: ignoring pre-dependency problem!
Preparing to unpack .../libudev1_208-8ubuntu8_armhf.deb ...
Unpacking libudev1:armhf (208-8ubuntu8) ...
Selecting previously unselected package libustr-1.0-1:armhf.
dpkg: regarding .../libustr-1.0-1_1.0.4-3ubuntu2_armhf.deb containing libustr-1.0-1:armhf, pre-dependency problem:
 libustr-1.0-1 pre-depends on multiarch-support
  multiarch-support is not installed.

dpkg: warning: ignoring pre-dependency problem!
Preparing to unpack .../libustr-1.0-1_1.0.4-3ubuntu2_armhf.deb ...
Unpacking libustr-1.0-1:armhf (1.0.4-3ubuntu2) ...
Selecting previously unselected package libuuid1:armhf.
dpkg: regarding .../libuuid1_2.25.1-3ubuntu4_armhf.deb containing libuuid1:armhf, pre-dependency problem:
 libuuid1 pre-depends on multiarch-support
  multiarch-support is not installed.

dpkg: warning: ignoring pre-dependency problem!
Preparing to unpack .../libuuid1_2.25.1-3ubuntu4_armhf.deb ...
Unpacking libuuid1:armhf (2.25.1-3ubuntu4) ...
Selecting previously unselected package locales.
Preparing to unpack .../locales_2.13+git20120306-17_all.deb ...
Unpacking locales (2.13+git20120306-17) ...
Selecting previously unselected package login.
dpkg: regarding .../login_1%3a4.1.5.1-1.1ubuntu2_armhf.deb containing login, pre-dependency problem:
 login pre-depends on libpam0g (>= 0.99.7.1)
  libpam0g:armhf is unpacked, but has never been configured.

dpkg: warning: ignoring pre-dependency problem!
dpkg: regarding .../login_1%3a4.1.5.1-1.1ubuntu2_armhf.deb containing login, pre-dependency problem:
 login pre-depends on libpam-runtime
  libpam-runtime is unpacked, but has never been configured.

dpkg: warning: ignoring pre-dependency problem!
dpkg: regarding .../login_1%3a4.1.5.1-1.1ubuntu2_armhf.deb containing login, pre-dependency problem:
 login pre-depends on libpam-modules
  libpam-modules:armhf is unpacked, but has never been configured.

dpkg: warning: ignoring pre-dependency problem!
Preparing to unpack .../login_1%3a4.1.5.1-1.1ubuntu2_armhf.deb ...
dpkg: error: --compare-versions takes three arguments: <version> <relation> <version>

Type dpkg --help for help about installing and deinstalling packages [*];
Use 'apt' or 'aptitude' for user-friendly package management;
Type dpkg -Dhelp for a list of dpkg debug flag values;
Type dpkg --force-help for a list of forcing options;
Type dpkg-deb --help for help about manipulating *.deb files;

Options marked [*] produce a lot of output - pipe it through 'less' or 'more' !
Unpacking login (1:4.1.5.1-1.1ubuntu2) ...
Selecting previously unselected package lsb-base.
Preparing to unpack .../lsb-base_4.1+Debian11ubuntu8_all.deb ...
Unpacking lsb-base (4.1+Debian11ubuntu8) ...
Selecting previously unselected package makedev.
Preparing to unpack .../makedev_2.3.1-93ubuntu1_all.deb ...
Unpacking makedev (2.3.1-93ubuntu1) ...
Preparing to unpack .../mawk_1.3.3-17ubuntu2_armhf.deb ...
Unpacking mawk (1.3.3-17ubuntu2) over (1.3.3-17ubuntu2) ...
Selecting previously unselected package module-init-tools.
Preparing to unpack .../module-init-tools_18-1ubuntu2_all.deb ...
Unpacking module-init-tools (18-1ubuntu2) ...
Selecting previously unselected package mount.
dpkg: regarding .../mount_2.25.1-3ubuntu4_armhf.deb containing mount, pre-dependency problem:
 mount pre-depends on libmount1 (>= 2.25)
  libmount1:armhf is unpacked, but has never been configured.

dpkg: warning: ignoring pre-dependency problem!
dpkg: regarding .../mount_2.25.1-3ubuntu4_armhf.deb containing mount, pre-dependency problem:
 mount pre-depends on libsmartcols1 (>= 2.25)
  libsmartcols1:armhf is unpacked, but has never been configured.

dpkg: warning: ignoring pre-dependency problem!
Preparing to unpack .../mount_2.25.1-3ubuntu4_armhf.deb ...
Unpacking mount (2.25.1-3ubuntu4) ...
Selecting previously unselected package mountall.
Preparing to unpack .../mountall_2.54build1_armhf.deb ...
Unpacking mountall (2.54build1) ...
Selecting previously unselected package multiarch-support.
Preparing to unpack .../multiarch-support_2.19-10ubuntu2_armhf.deb ...
Unpacking multiarch-support (2.19-10ubuntu2) ...
Selecting previously unselected package ncurses-base.
Preparing to unpack .../ncurses-base_5.9+20140712-2ubuntu1_all.deb ...
Unpacking ncurses-base (5.9+20140712-2ubuntu1) ...
Selecting previously unselected package ncurses-bin.
dpkg: regarding .../ncurses-bin_5.9+20140712-2ubuntu1_armhf.deb containing ncurses-bin, pre-dependency problem:
 ncurses-bin pre-depends on libtinfo5 (>= 5.9+20130119)
  libtinfo5:armhf is unpacked, but has never been configured.

dpkg: warning: ignoring pre-dependency problem!
Preparing to unpack .../ncurses-bin_5.9+20140712-2ubuntu1_armhf.deb ...
Unpacking ncurses-bin (5.9+20140712-2ubuntu1) ...
Selecting previously unselected package passwd.
Preparing to unpack .../passwd_1%3a4.1.5.1-1.1ubuntu2_armhf.deb ...
Unpacking passwd (1:4.1.5.1-1.1ubuntu2) ...
Selecting previously unselected package perl.
Preparing to unpack .../perl_5.20.1-1_armhf.deb ...
Unpacking perl (5.20.1-1) ...
Preparing to unpack .../perl-base_5.20.1-1_armhf.deb ...
Unpacking perl-base (5.20.1-1) over (5.20.1-1) ...
Selecting previously unselected package perl-modules.
Preparing to unpack .../perl-modules_5.20.1-1_all.deb ...
Unpacking perl-modules (5.20.1-1) ...
Selecting previously unselected package plymouth.
Preparing to unpack .../plymouth_0.9.0-0ubuntu7_armhf.deb ...
Unpacking plymouth (0.9.0-0ubuntu7) ...
Selecting previously unselected package procps.
Preparing to unpack .../procps_1%3a3.3.9-1ubuntu5_armhf.deb ...
Unpacking procps (1:3.3.9-1ubuntu5) ...
Selecting previously unselected package sed.
dpkg: regarding .../sed_4.2.2-4ubuntu1_armhf.deb containing sed, pre-dependency problem:
 sed pre-depends on libselinux1 (>= 1.32)
  libselinux1:armhf is unpacked, but has never been configured.

dpkg: warning: ignoring pre-dependency problem!
Preparing to unpack .../sed_4.2.2-4ubuntu1_armhf.deb ...
Unpacking sed (4.2.2-4ubuntu1) ...
Selecting previously unselected package sensible-utils.
Preparing to unpack .../sensible-utils_0.0.9_all.deb ...
Unpacking sensible-utils (0.0.9) ...
Selecting previously unselected package sysv-rc.
Preparing to unpack .../sysv-rc_2.88dsf-41ubuntu18_all.deb ...
Unpacking sysv-rc (2.88dsf-41ubuntu18) ...
Selecting previously unselected package sysvinit-utils.
Preparing to unpack .../sysvinit-utils_2.88dsf-41ubuntu18_armhf.deb ...
Unpacking sysvinit-utils (2.88dsf-41ubuntu18) ...
Selecting previously unselected package tar.
dpkg: regarding .../tar_1.27.1-2_armhf.deb containing tar, pre-dependency problem:
 tar pre-depends on libacl1 (>= 2.2.51-8)
  libacl1:armhf is unpacked, but has never been configured.

dpkg: warning: ignoring pre-dependency problem!
dpkg: regarding .../tar_1.27.1-2_armhf.deb containing tar, pre-dependency problem:
 tar pre-depends on libselinux1 (>= 1.32)
  libselinux1:armhf is unpacked, but has never been configured.

dpkg: warning: ignoring pre-dependency problem!
Preparing to unpack .../tar_1.27.1-2_armhf.deb ...
Unpacking tar (1.27.1-2) ...
Selecting previously unselected package tzdata.
Preparing to unpack .../tzdata_2014h-2_all.deb ...
Unpacking tzdata (2014h-2) ...
Selecting previously unselected package udev.
Preparing to unpack .../udev_208-8ubuntu8_armhf.deb ...
Unpacking udev (208-8ubuntu8) ...
Selecting previously unselected package upstart.
Preparing to unpack .../upstart_1.13.2-0ubuntu2_armhf.deb ...
Unpacking upstart (1.13.2-0ubuntu2) ...
Selecting previously unselected package upstart-bin.
Preparing to unpack .../upstart-bin_1.13.2-0ubuntu2_armhf.deb ...
Unpacking upstart-bin (1.13.2-0ubuntu2) ...
Selecting previously unselected package util-linux.
dpkg: regarding .../util-linux_2.25.1-3ubuntu4_armhf.deb containing util-linux, pre-dependency problem:
 util-linux pre-depends on libblkid1 (>= 2.25)
  libblkid1:armhf is unpacked, but has never been configured.

dpkg: warning: ignoring pre-dependency problem!
dpkg: regarding .../util-linux_2.25.1-3ubuntu4_armhf.deb containing util-linux, pre-dependency problem:
 util-linux pre-depends on libmount1 (>= 2.25)
  libmount1:armhf is unpacked, but has never been configured.

dpkg: warning: ignoring pre-dependency problem!
dpkg: regarding .../util-linux_2.25.1-3ubuntu4_armhf.deb containing util-linux, pre-dependency problem:
 util-linux pre-depends on libncurses5 (>= 5.5-5~)
  libncurses5:armhf is unpacked, but has never been configured.

dpkg: warning: ignoring pre-dependency problem!
dpkg: regarding .../util-linux_2.25.1-3ubuntu4_armhf.deb containing util-linux, pre-dependency problem:
 util-linux pre-depends on libpam0g (>= 0.99.7.1)
  libpam0g:armhf is unpacked, but has never been configured.

dpkg: warning: ignoring pre-dependency problem!
dpkg: regarding .../util-linux_2.25.1-3ubuntu4_armhf.deb containing util-linux, pre-dependency problem:
 util-linux pre-depends on libselinux1 (>= 1.32)
  libselinux1:armhf is unpacked, but has never been configured.

dpkg: warning: ignoring pre-dependency problem!
dpkg: regarding .../util-linux_2.25.1-3ubuntu4_armhf.deb containing util-linux, pre-dependency problem:
 util-linux pre-depends on libslang2 (>= 2.2.4)
  libslang2:armhf is unpacked, but has never been configured.

dpkg: warning: ignoring pre-dependency problem!
dpkg: regarding .../util-linux_2.25.1-3ubuntu4_armhf.deb containing util-linux, pre-dependency problem:
 util-linux pre-depends on libsmartcols1 (>= 2.25)
  libsmartcols1:armhf is unpacked, but has never been configured.

dpkg: warning: ignoring pre-dependency problem!
dpkg: regarding .../util-linux_2.25.1-3ubuntu4_armhf.deb containing util-linux, pre-dependency problem:
 util-linux pre-depends on libtinfo5
  libtinfo5:armhf is unpacked, but has never been configured.

dpkg: warning: ignoring pre-dependency problem!
dpkg: regarding .../util-linux_2.25.1-3ubuntu4_armhf.deb containing util-linux, pre-dependency problem:
 util-linux pre-depends on libuuid1 (>= 2.16)
  libuuid1:armhf is unpacked, but has never been configured.

dpkg: warning: ignoring pre-dependency problem!
dpkg: regarding .../util-linux_2.25.1-3ubuntu4_armhf.deb containing util-linux, pre-dependency problem:
 util-linux pre-depends on zlib1g (>= 1:1.1.4)
  zlib1g is not installed.

dpkg: warning: ignoring pre-dependency problem!
Preparing to unpack .../util-linux_2.25.1-3ubuntu4_armhf.deb ...
Unpacking util-linux (2.25.1-3ubuntu4) ...
Selecting previously unselected package zlib1g:armhf.
dpkg: regarding .../zlib1g_1%3a1.2.8.dfsg-1ubuntu1_armhf.deb containing zlib1g:armhf, pre-dependency problem:
 zlib1g pre-depends on multiarch-support
  multiarch-support is unpacked, but has never been configured.

dpkg: warning: ignoring pre-dependency problem!
Preparing to unpack .../zlib1g_1%3a1.2.8.dfsg-1ubuntu1_armhf.deb ...
Unpacking zlib1g:armhf (1:1.2.8.dfsg-1ubuntu1) ...
Setting up lsb-base (4.1+Debian11ubuntu8) ...
Setting up ncurses-base (5.9+20140712-2ubuntu1) ...
Setting up sensible-utils (0.0.9) ...
Setting up libklibc (2.0.3-0ubuntu1) ...
Setting up gcc-4.9-base:armhf (4.9.1-16ubuntu6) ...
Setting up klibc-utils (2.0.3-0ubuntu1) ...
Setting up libsemanage-common (2.3-1) ...
Setting up libaudit-common (1:2.3.7-1ubuntu1) ...
Setting up perl-modules (5.20.1-1) ...
Setting up libc6:armhf (2.19-10ubuntu2) ...
Setting up cpio (2.11+dfsg-2ubuntu1) ...
update-alternatives: using /bin/mt-gnu to provide /bin/mt (mt) in auto mode
Setting up debianutils (4.4) ...
Setting up diffutils (1:3.3-1) ...
Setting up locales (2.13+git20120306-17) ...
Setting up mawk (1.3.3-17ubuntu2) ...
Setting up hostname (3.15ubuntu2) ...
Setting up findutils (4.4.2-9) ...
Setting up insserv (1.14.0-5ubuntu2) ...
Setting up busybox-initramfs (1:1.22.0-8ubuntu1) ...
Setting up multiarch-support (2.19-10ubuntu2) ...
Setting up libsmartcols1:armhf (2.25.1-3ubuntu4) ...
Setting up libcap2:armhf (1:2.24-0ubuntu2) ...
Setting up libustr-1.0-1:armhf (1.0.4-3ubuntu2) ...
Setting up libdbus-1-3:armhf (1.8.8-1ubuntu2) ...
Setting up libuuid1:armhf (2.25.1-3ubuntu4) ...
Setting up libgpg-error0:armhf (1.13-4) ...
Setting up libprocps3:armhf (1:3.3.9-1ubuntu5) ...
Setting up libjson-c2:armhf (0.11-4ubuntu1) ...
Setting up libdrm2:armhf (2.4.56-1) ...
Setting up libsepol1:armhf (2.3-2) ...
Setting up libkmod2:armhf (18-1ubuntu2) ...
Setting up zlib1g:armhf (1:1.2.8.dfsg-1ubuntu1) ...
Setting up libgcc1:armhf (1:4.9.1-16ubuntu6) ...
Setting up libdebconfclient0:armhf (0.191ubuntu1) ...
Setting up libcgmanager0:armhf (0.32-4ubuntu1) ...
Setting up base-files (7.2ubuntu7) ...
Setting up libattr1:armhf (1:2.4.47-2) ...
Setting up e2fslibs:armhf (1.42.10-1.1ubuntu1) ...
Setting up base-passwd (3.5.36) ...
Setting up libcomerr2:armhf (1.42.10-1.1ubuntu1) ...
Setting up libacl1:armhf (2.2.52-1.1) ...
Setting up libslang2:armhf (2.2.4-17ubuntu1) ...
Setting up libblkid1:armhf (2.25.1-3ubuntu4) ...
Setting up libss2:armhf (1.42.10-1.1ubuntu1) ...
Setting up liblzma5:armhf (5.1.1alpha+20120614-2ubuntu2) ...
Setting up libnih1:armhf (1.0.3-4ubuntu26) ...
Setting up libaudit1:armhf (1:2.3.7-1ubuntu1) ...
Setting up libdb5.3:armhf (5.3.28-5) ...
Setting up libpcre3:armhf (1:8.35-3ubuntu1) ...
Setting up libbz2-1.0:armhf (1.0.6-5ubuntu5) ...
Setting up libtinfo5:armhf (5.9+20140712-2ubuntu1) ...
Setting up libc-bin (2.19-10ubuntu2) ...
Setting up libjson0:armhf (0.11-4ubuntu1) ...
Setting up libnih-dbus1:armhf (1.0.3-4ubuntu26) ...
Setting up libselinux1:armhf (2.3-1build1) ...
Setting up libpng12-0:armhf (1.2.51-0ubuntu3) ...
Setting up iproute2 (3.16.0-2) ...
Setting up coreutils (8.23-2ubuntu3) ...
Setting up makedev (2.3.1-93ubuntu1) ...
Setting up libgcrypt11:armhf (1.5.4-2ubuntu1) ...
Setting up libsystemd-journal0:armhf (208-8ubuntu8) ...
Setting up ncurses-bin (5.9+20140712-2ubuntu1) ...
Setting up libudev1:armhf (208-8ubuntu8) ...
Setting up libsemanage1:armhf (2.3-1) ...
Setting up kmod (18-1ubuntu2) ...
Setting up tar (1.27.1-2) ...
update-alternatives: using /usr/sbin/rmt-tar to provide /usr/sbin/rmt (rmt) in auto mode
Setting up libmount1:armhf (2.25.1-3ubuntu4) ...
Setting up mount (2.25.1-3ubuntu4) ...
Setting up libncurses5:armhf (5.9+20140712-2ubuntu1) ...
Setting up libplymouth4:armhf (0.9.0-0ubuntu7) ...
Setting up initramfs-tools-bin (0.103ubuntu8) ...
Setting up dpkg (1.17.13ubuntu1) ...
Setting up libncursesw5:armhf (5.9+20140712-2ubuntu1) ...
Setting up sysvinit-utils (2.88dsf-41ubuntu18) ...
Setting up dash (0.5.7-4ubuntu1) ...
Setting up module-init-tools (18-1ubuntu2) ...
Setting up libgdbm3:armhf (1.8.3-13) ...
Setting up bsdutils (1:2.25.1-3ubuntu4) ...
Setting up perl-base (5.20.1-1) ...
Setting up sed (4.2.2-4ubuntu1) ...
Setting up grep (2.20-3) ...
Setting up gzip (1.6-3ubuntu1) ...
Setting up perl (5.20.1-1) ...
update-alternatives: using /usr/bin/prename to provide /usr/bin/rename (rename) in auto mode
Setting up bash (4.3-11ubuntu1) ...
update-alternatives: using /usr/share/man/man7/bash-builtins.7.gz to provide /usr/share/man/man7/builtins.7.gz (builtins.7.gz) in auto mode
Setting up debconf (1.5.53ubuntu1) ...
Setting up libpam0g:armhf (1.1.8-3ubuntu4) ...
Setting up init-system-helpers (1.20ubuntu3) ...
Setting up sysv-rc (2.88dsf-41ubuntu18) ...
Setting up tzdata (2014h-2) ...

Current default time zone: 'Etc/UTC'
Local time is now:      Wed Feb 18 13:02:04 UTC 2015.
Universal Time is now:  Wed Feb 18 13:02:04 UTC 2015.
Run 'dpkg-reconfigure tzdata' if you wish to change it.

Setting up initscripts (2.88dsf-41ubuntu18) ...
guest environment detected: Linking /dev/shm to /run/shm
Generating /run/motd.dynamic; this may take a moment...
Setting up libpam-modules-bin (1.1.8-3ubuntu4) ...
Setting up util-linux (2.25.1-3ubuntu4) ...
update-alternatives: using /bin/more to provide /usr/bin/pager (pager) in auto mode
Setting up procps (1:3.3.9-1ubuntu5) ...
update-alternatives: using /usr/bin/w.procps to provide /usr/bin/w (w) in auto mode
update-rc.d: warning: start and stop actions are no longer supported; falling back to defaults
 * Setting kernel variables ...
   ...done.
Setting up libpam-modules:armhf (1.1.8-3ubuntu4) ...
Setting up upstart-bin (1.13.2-0ubuntu2) ...
Setting up passwd (1:4.1.5.1-1.1ubuntu2) ...
Shadow passwords are now on.
Setting up libpam-runtime (1.1.8-3ubuntu4) ...
Setting up e2fsprogs (1.42.10-1.1ubuntu1) ...
Setting up udev (208-8ubuntu8) ...
A chroot environment has been detected, udev not started.
update-initramfs: deferring update (trigger activated)
Setting up initramfs-tools (0.103ubuntu8) ...
update-initramfs: deferring update (trigger activated)
Setting up login (1:4.1.5.1-1.1ubuntu2) ...
Setting up mountall (2.54build1) ...
Setting up adduser (3.113+nmu3ubuntu3) ...
Setting up plymouth (0.9.0-0ubuntu7) ...
update-initramfs: deferring update (trigger activated)
Setting up ifupdown (0.7.48.1ubuntu5) ...
Creating /etc/network/interfaces.
Setting up upstart (1.13.2-0ubuntu2) ...
Processing triggers for libc-bin (2.19-10ubuntu2) ...
Processing triggers for initramfs-tools (0.103ubuntu8) ...
dpkg: warning: package not in database at line 107: apt
dpkg: warning: package not in database at line 107: apt-utils
dpkg: warning: package not in database at line 107: bzip2
dpkg: warning: package not in database at line 107: console-setup
dpkg: warning: package not in database at line 107: cron
dpkg: warning: package not in database at line 107: debconf-i18n
dpkg: warning: package not in database at line 107: dh-python
dpkg: warning: package not in database at line 107: dmsetup
dpkg: warning: package not in database at line 107: eject
dpkg: warning: package not in database at line 107: file
dpkg: warning: package not in database at line 107: gnupg
dpkg: warning: package not in database at line 107: gpgv
dpkg: warning: package not in database at line 107: iputils-ping
dpkg: warning: package not in database at line 107: isc-dhcp-client
dpkg: warning: package not in database at line 107: isc-dhcp-common
dpkg: warning: package not in database at line 107: kbd
dpkg: warning: package not in database at line 107: keyboard-configuration
dpkg: warning: package not in database at line 107: less
dpkg: warning: package not in database at line 107: libapt-inst1.5
dpkg: warning: package not in database at line 107: libapt-pkg4.12
dpkg: warning: package not in database at line 107: libbsd0
dpkg: warning: package not in database at line 107: libcap2-bin
dpkg: warning: package not in database at line 107: libdevmapper1.02.1
dpkg: warning: package not in database at line 107: libestr0
dpkg: warning: package not in database at line 107: libexpat1
dpkg: warning: package not in database at line 107: libffi6
dpkg: warning: package not in database at line 107: libfribidi0
dpkg: warning: package not in database at line 107: libgmp10
dpkg: warning: package not in database at line 107: libgnutls-deb0-28
dpkg: warning: package not in database at line 107: libgnutls-openssl27
dpkg: warning: package not in database at line 107: libhogweed2
dpkg: warning: package not in database at line 107: liblocale-gettext-perl
dpkg: warning: package not in database at line 107: liblockfile-bin
dpkg: warning: package not in database at line 107: liblockfile1
dpkg: warning: package not in database at line 107: libmagic1
dpkg: warning: package not in database at line 107: libmpdec2
dpkg: warning: package not in database at line 107: libnettle4
dpkg: warning: package not in database at line 107: libnewt0.52
dpkg: warning: package not in database at line 107: libp11-kit0
dpkg: warning: package not in database at line 107: libpam-cap
dpkg: warning: package not in database at line 107: libpopt0
dpkg: warning: package not in database at line 107: libpython3-stdlib
dpkg: warning: package not in database at line 107: libpython3.4-minimal
dpkg: warning: package not in database at line 107: libpython3.4-stdlib
dpkg: warning: package not in database at line 107: libreadline6
dpkg: warning: package not in database at line 107: libsqlite3-0
dpkg: warning: package not in database at line 107: libssl1.0.0
dpkg: warning: package not in database at line 107: libstdc++6
dpkg: warning: package not in database at line 107: libtasn1-6
dpkg: warning: package not in database at line 107: libtext-charwidth-perl
dpkg: warning: package not in database at line 107: libtext-iconv-perl
dpkg: warning: package not in database at line 107: libtext-wrapi18n-perl
dpkg: warning: package not in database at line 107: libusb-0.1-4
dpkg: warning: package not in database at line 107: lockfile-progs
dpkg: warning: package not in database at line 107: logrotate
dpkg: warning: package not in database at line 107: lsb-release
dpkg: warning: package not in database at line 107: mime-support
dpkg: warning: package not in database at line 107: net-tools
dpkg: warning: package not in database at line 107: netbase
dpkg: warning: package not in database at line 107: netcat-openbsd
dpkg: warning: package not in database at line 107: ntpdate
dpkg: warning: package not in database at line 107: python3
dpkg: warning: package not in database at line 107: python3-minimal
dpkg: warning: package not in database at line 107: python3.4
dpkg: warning: package not in database at line 107: python3.4-minimal
dpkg: warning: package not in database at line 107: readline-common
dpkg: warning: package not in database at line 107: resolvconf
dpkg: warning: package not in database at line 107: rsyslog
dpkg: warning: package not in database at line 107: sudo
dpkg: warning: package not in database at line 107: ubuntu-keyring
dpkg: warning: package not in database at line 107: ubuntu-minimal
dpkg: warning: package not in database at line 107: ucf
dpkg: warning: package not in database at line 107: ureadahead
dpkg: warning: package not in database at line 107: vim-common
dpkg: warning: package not in database at line 107: vim-tiny
dpkg: warning: package not in database at line 107: whiptail
dpkg: warning: package not in database at line 107: xkb-data
dpkg: warning: found unknown packages; this might mean the available database
is outdated, and needs to be updated through a frontend method
Selecting previously unselected package apt.
(Reading database ... 7980 files and directories currently installed.)
Preparing to unpack .../apt_1.0.9.2ubuntu2_armhf.deb ...
Unpacking apt (1.0.9.2ubuntu2) ...
Selecting previously unselected package apt-utils.
Preparing to unpack .../apt-utils_1.0.9.2ubuntu2_armhf.deb ...
Unpacking apt-utils (1.0.9.2ubuntu2) ...
Selecting previously unselected package bzip2.
Preparing to unpack .../bzip2_1.0.6-5ubuntu5_armhf.deb ...
Unpacking bzip2 (1.0.6-5ubuntu5) ...
Selecting previously unselected package console-setup.
Preparing to unpack .../console-setup_1.70ubuntu9_all.deb ...
Unpacking console-setup (1.70ubuntu9) ...
Selecting previously unselected package cron.
Preparing to unpack .../cron_3.0pl1-124.1ubuntu1_armhf.deb ...
Unpacking cron (3.0pl1-124.1ubuntu1) ...
Selecting previously unselected package debconf-i18n.
Preparing to unpack .../debconf-i18n_1.5.53ubuntu1_all.deb ...
Unpacking debconf-i18n (1.5.53ubuntu1) ...
Selecting previously unselected package dh-python.
Preparing to unpack .../dh-python_1.20140511-1_all.deb ...
Unpacking dh-python (1.20140511-1) ...
Selecting previously unselected package dmsetup.
Preparing to unpack .../dmsetup_2%3a1.02.77-6ubuntu2_armhf.deb ...
Unpacking dmsetup (2:1.02.77-6ubuntu2) ...
Selecting previously unselected package eject.
Preparing to unpack .../eject_2.1.5+deb1+cvs20081104-13.1_armhf.deb ...
Unpacking eject (2.1.5+deb1+cvs20081104-13.1) ...
Selecting previously unselected package file.
Preparing to unpack .../file_1%3a5.19-1ubuntu1.1_armhf.deb ...
Unpacking file (1:5.19-1ubuntu1.1) ...
Selecting previously unselected package gnupg.
Preparing to unpack .../gnupg_1.4.16-1.2ubuntu1_armhf.deb ...
Unpacking gnupg (1.4.16-1.2ubuntu1) ...
Selecting previously unselected package gpgv.
Preparing to unpack .../gpgv_1.4.16-1.2ubuntu1_armhf.deb ...
Unpacking gpgv (1.4.16-1.2ubuntu1) ...
Selecting previously unselected package iputils-ping.
Preparing to unpack .../iputils-ping_3%3a20121221-5ubuntu2_armhf.deb ...
Unpacking iputils-ping (3:20121221-5ubuntu2) ...
Selecting previously unselected package isc-dhcp-client.
Preparing to unpack .../isc-dhcp-client_4.2.4-7ubuntu14_armhf.deb ...
Unpacking isc-dhcp-client (4.2.4-7ubuntu14) ...
Selecting previously unselected package isc-dhcp-common.
Preparing to unpack .../isc-dhcp-common_4.2.4-7ubuntu14_armhf.deb ...
Unpacking isc-dhcp-common (4.2.4-7ubuntu14) ...
Selecting previously unselected package kbd.
Preparing to unpack .../kbd_1.15.5-1ubuntu1_armhf.deb ...
Unpacking kbd (1.15.5-1ubuntu1) ...
Selecting previously unselected package keyboard-configuration.
Preparing to unpack .../keyboard-configuration_1.70ubuntu9_all.deb ...
Unpacking keyboard-configuration (1.70ubuntu9) ...
Selecting previously unselected package less.
Preparing to unpack .../archives/less_458-2_armhf.deb ...
Unpacking less (458-2) ...
Selecting previously unselected package libapt-inst1.5:armhf.
Preparing to unpack .../libapt-inst1.5_1.0.9.2ubuntu2_armhf.deb ...
Unpacking libapt-inst1.5:armhf (1.0.9.2ubuntu2) ...
Selecting previously unselected package libapt-pkg4.12:armhf.
Preparing to unpack .../libapt-pkg4.12_1.0.9.2ubuntu2_armhf.deb ...
Unpacking libapt-pkg4.12:armhf (1.0.9.2ubuntu2) ...
Selecting previously unselected package libbsd0:armhf.
Preparing to unpack .../libbsd0_0.7.0-2_armhf.deb ...
Unpacking libbsd0:armhf (0.7.0-2) ...
Selecting previously unselected package libcap2-bin.
Preparing to unpack .../libcap2-bin_1%3a2.24-0ubuntu2_armhf.deb ...
Unpacking libcap2-bin (1:2.24-0ubuntu2) ...
Selecting previously unselected package libdevmapper1.02.1:armhf.
Preparing to unpack .../libdevmapper1.02.1_2%3a1.02.77-6ubuntu2_armhf.deb ...
Unpacking libdevmapper1.02.1:armhf (2:1.02.77-6ubuntu2) ...
Selecting previously unselected package libestr0.
Preparing to unpack .../libestr0_0.1.9-1.1_armhf.deb ...
Unpacking libestr0 (0.1.9-1.1) ...
Selecting previously unselected package libexpat1:armhf.
Preparing to unpack .../libexpat1_2.1.0-6ubuntu1_armhf.deb ...
Unpacking libexpat1:armhf (2.1.0-6ubuntu1) ...
Selecting previously unselected package libffi6:armhf.
Preparing to unpack .../libffi6_3.1-2_armhf.deb ...
Unpacking libffi6:armhf (3.1-2) ...
Selecting previously unselected package libfribidi0:armhf.
Preparing to unpack .../libfribidi0_0.19.6-1_armhf.deb ...
Unpacking libfribidi0:armhf (0.19.6-1) ...
Selecting previously unselected package libgmp10:armhf.
Preparing to unpack .../libgmp10_2%3a6.0.0+dfsg-4build1_armhf.deb ...
Unpacking libgmp10:armhf (2:6.0.0+dfsg-4build1) ...
Selecting previously unselected package libgnutls-deb0-28:armhf.
Preparing to unpack .../libgnutls-deb0-28_3.2.16-1ubuntu2_armhf.deb ...
Unpacking libgnutls-deb0-28:armhf (3.2.16-1ubuntu2) ...
Selecting previously unselected package libgnutls-openssl27:armhf.
Preparing to unpack .../libgnutls-openssl27_3.2.16-1ubuntu2_armhf.deb ...
Unpacking libgnutls-openssl27:armhf (3.2.16-1ubuntu2) ...
Selecting previously unselected package libhogweed2:armhf.
Preparing to unpack .../libhogweed2_2.7.1-3_armhf.deb ...
Unpacking libhogweed2:armhf (2.7.1-3) ...
Selecting previously unselected package liblocale-gettext-perl.
Preparing to unpack .../liblocale-gettext-perl_1.05-8build1_armhf.deb ...
Unpacking liblocale-gettext-perl (1.05-8build1) ...
Selecting previously unselected package liblockfile-bin.
Preparing to unpack .../liblockfile-bin_1.09-6ubuntu1_armhf.deb ...
Unpacking liblockfile-bin (1.09-6ubuntu1) ...
Selecting previously unselected package liblockfile1:armhf.
Preparing to unpack .../liblockfile1_1.09-6ubuntu1_armhf.deb ...
Unpacking liblockfile1:armhf (1.09-6ubuntu1) ...
Selecting previously unselected package libmagic1:armhf.
Preparing to unpack .../libmagic1_1%3a5.19-1ubuntu1.1_armhf.deb ...
Unpacking libmagic1:armhf (1:5.19-1ubuntu1.1) ...
Selecting previously unselected package libmpdec2:armhf.
Preparing to unpack .../libmpdec2_2.4.1-1_armhf.deb ...
Unpacking libmpdec2:armhf (2.4.1-1) ...
Selecting previously unselected package libnettle4:armhf.
Preparing to unpack .../libnettle4_2.7.1-3_armhf.deb ...
Unpacking libnettle4:armhf (2.7.1-3) ...
Selecting previously unselected package libnewt0.52:armhf.
Preparing to unpack .../libnewt0.52_0.52.15-3ubuntu1_armhf.deb ...
Unpacking libnewt0.52:armhf (0.52.15-3ubuntu1) ...
Selecting previously unselected package libp11-kit0:armhf.
Preparing to unpack .../libp11-kit0_0.20.2-5_armhf.deb ...
Unpacking libp11-kit0:armhf (0.20.2-5) ...
Selecting previously unselected package libpam-cap:armhf.
Preparing to unpack .../libpam-cap_1%3a2.24-0ubuntu2_armhf.deb ...
Unpacking libpam-cap:armhf (1:2.24-0ubuntu2) ...
Selecting previously unselected package libpopt0:armhf.
Preparing to unpack .../libpopt0_1.16-10_armhf.deb ...
Unpacking libpopt0:armhf (1.16-10) ...
Selecting previously unselected package libpython3-stdlib:armhf.
Preparing to unpack .../libpython3-stdlib_3.4.2-1_armhf.deb ...
Unpacking libpython3-stdlib:armhf (3.4.2-1) ...
Selecting previously unselected package libpython3.4-minimal:armhf.
Preparing to unpack .../libpython3.4-minimal_3.4.2-1_armhf.deb ...
Unpacking libpython3.4-minimal:armhf (3.4.2-1) ...
Selecting previously unselected package libpython3.4-stdlib:armhf.
Preparing to unpack .../libpython3.4-stdlib_3.4.2-1_armhf.deb ...
Unpacking libpython3.4-stdlib:armhf (3.4.2-1) ...
Selecting previously unselected package libreadline6:armhf.
Preparing to unpack .../libreadline6_6.3-8ubuntu1_armhf.deb ...
Unpacking libreadline6:armhf (6.3-8ubuntu1) ...
Selecting previously unselected package libsqlite3-0:armhf.
Preparing to unpack .../libsqlite3-0_3.8.6-1_armhf.deb ...
Unpacking libsqlite3-0:armhf (3.8.6-1) ...
Selecting previously unselected package libssl1.0.0:armhf.
Preparing to unpack .../libssl1.0.0_1.0.1f-1ubuntu9_armhf.deb ...
Unpacking libssl1.0.0:armhf (1.0.1f-1ubuntu9) ...
Selecting previously unselected package libstdc++6:armhf.
Preparing to unpack .../libstdc++6_4.9.1-16ubuntu6_armhf.deb ...
Unpacking libstdc++6:armhf (4.9.1-16ubuntu6) ...
Selecting previously unselected package libtasn1-6:armhf.
Preparing to unpack .../libtasn1-6_4.0-2_armhf.deb ...
Unpacking libtasn1-6:armhf (4.0-2) ...
Selecting previously unselected package libtext-charwidth-perl.
Preparing to unpack .../libtext-charwidth-perl_0.04-7build4_armhf.deb ...
Unpacking libtext-charwidth-perl (0.04-7build4) ...
Selecting previously unselected package libtext-iconv-perl.
Preparing to unpack .../libtext-iconv-perl_1.7-5build3_armhf.deb ...
Unpacking libtext-iconv-perl (1.7-5build3) ...
Selecting previously unselected package libtext-wrapi18n-perl.
Preparing to unpack .../libtext-wrapi18n-perl_0.06-7_all.deb ...
Unpacking libtext-wrapi18n-perl (0.06-7) ...
Selecting previously unselected package libusb-0.1-4:armhf.
Preparing to unpack .../libusb-0.1-4_2%3a0.1.12-24_armhf.deb ...
Unpacking libusb-0.1-4:armhf (2:0.1.12-24) ...
Selecting previously unselected package lockfile-progs.
Preparing to unpack .../lockfile-progs_0.1.17_armhf.deb ...
Unpacking lockfile-progs (0.1.17) ...
Selecting previously unselected package logrotate.
Preparing to unpack .../logrotate_3.8.7-1ubuntu1_armhf.deb ...
Unpacking logrotate (3.8.7-1ubuntu1) ...
Selecting previously unselected package lsb-release.
Preparing to unpack .../lsb-release_4.1+Debian11ubuntu8_all.deb ...
Unpacking lsb-release (4.1+Debian11ubuntu8) ...
Selecting previously unselected package mime-support.
Preparing to unpack .../mime-support_3.55ubuntu1_all.deb ...
Unpacking mime-support (3.55ubuntu1) ...
Selecting previously unselected package net-tools.
Preparing to unpack .../net-tools_1.60-26ubuntu1_armhf.deb ...
Unpacking net-tools (1.60-26ubuntu1) ...
Selecting previously unselected package netbase.
Preparing to unpack .../archives/netbase_5.2_all.deb ...
Unpacking netbase (5.2) ...
Selecting previously unselected package netcat-openbsd.
Preparing to unpack .../netcat-openbsd_1.105-7ubuntu1_armhf.deb ...
Unpacking netcat-openbsd (1.105-7ubuntu1) ...
Selecting previously unselected package ntpdate.
Preparing to unpack .../ntpdate_1%3a4.2.6.p5+dfsg-3ubuntu2_armhf.deb ...
Unpacking ntpdate (1:4.2.6.p5+dfsg-3ubuntu2) ...
Selecting previously unselected package python3.
Preparing to unpack .../python3_3.4.2-1_armhf.deb ...
Unpacking python3 (3.4.2-1) ...
Selecting previously unselected package python3-minimal.
Preparing to unpack .../python3-minimal_3.4.2-1_armhf.deb ...
Unpacking python3-minimal (3.4.2-1) ...
Selecting previously unselected package python3.4.
Preparing to unpack .../python3.4_3.4.2-1_armhf.deb ...
Unpacking python3.4 (3.4.2-1) ...
Selecting previously unselected package python3.4-minimal.
Preparing to unpack .../python3.4-minimal_3.4.2-1_armhf.deb ...
Unpacking python3.4-minimal (3.4.2-1) ...
Selecting previously unselected package readline-common.
Preparing to unpack .../readline-common_6.3-8ubuntu1_all.deb ...
Unpacking readline-common (6.3-8ubuntu1) ...
Selecting previously unselected package resolvconf.
Preparing to unpack .../resolvconf_1.69ubuntu4_all.deb ...
Unpacking resolvconf (1.69ubuntu4) ...
Selecting previously unselected package rsyslog.
Preparing to unpack .../rsyslog_7.4.4-1ubuntu11_armhf.deb ...
Unpacking rsyslog (7.4.4-1ubuntu11) ...
Selecting previously unselected package sudo.
Preparing to unpack .../sudo_1.8.9p5-1ubuntu2_armhf.deb ...
Unpacking sudo (1.8.9p5-1ubuntu2) ...
Selecting previously unselected package ubuntu-keyring.
Preparing to unpack .../ubuntu-keyring_2012.05.19_all.deb ...
Unpacking ubuntu-keyring (2012.05.19) ...
Selecting previously unselected package ubuntu-minimal.
Preparing to unpack .../ubuntu-minimal_1.327_armhf.deb ...
Unpacking ubuntu-minimal (1.327) ...
Selecting previously unselected package ucf.
Preparing to unpack .../archives/ucf_3.0030_all.deb ...
Moving old data out of the way
Unpacking ucf (3.0030) ...
Selecting previously unselected package ureadahead.
Preparing to unpack .../ureadahead_0.100.0-16_armhf.deb ...
Unpacking ureadahead (0.100.0-16) ...
Selecting previously unselected package vim-common.
Preparing to unpack .../vim-common_2%3a7.4.273-2ubuntu4_armhf.deb ...
Unpacking vim-common (2:7.4.273-2ubuntu4) ...
Selecting previously unselected package vim-tiny.
Preparing to unpack .../vim-tiny_2%3a7.4.273-2ubuntu4_armhf.deb ...
Unpacking vim-tiny (2:7.4.273-2ubuntu4) ...
Selecting previously unselected package whiptail.
Preparing to unpack .../whiptail_0.52.15-3ubuntu1_armhf.deb ...
Unpacking whiptail (0.52.15-3ubuntu1) ...
Selecting previously unselected package xkb-data.
Preparing to unpack .../xkb-data_2.12-1ubuntu1_all.deb ...
Unpacking xkb-data (2.12-1ubuntu1) ...
Setting up libpam-cap:armhf (1:2.24-0ubuntu2) ...
Setting up sudo (1.8.9p5-1ubuntu2) ...
Setting up gpgv (1.4.16-1.2ubuntu1) ...
Setting up libssl1.0.0:armhf (1.0.1f-1ubuntu9) ...
Setting up libffi6:armhf (3.1-2) ...
Setting up libmpdec2:armhf (2.4.1-1) ...
Setting up isc-dhcp-common (4.2.4-7ubuntu14) ...
Setting up libtasn1-6:armhf (4.0-2) ...
Setting up libpython3.4-minimal:armhf (3.4.2-1) ...
Setting up libpopt0:armhf (1.16-10) ...
Setting up libusb-0.1-4:armhf (2:0.1.12-24) ...
Setting up ucf (3.0030) ...
Setting up bzip2 (1.0.6-5ubuntu5) ...
Setting up vim-common (2:7.4.273-2ubuntu4) ...
Setting up libestr0 (0.1.9-1.1) ...
Setting up netbase (5.2) ...
Setting up libmagic1:armhf (1:5.19-1ubuntu1.1) ...
Setting up resolvconf (1.69ubuntu4) ...
 * Setting up resolvconf...
   ...done.
Setting up file (1:5.19-1ubuntu1.1) ...
Setting up libcap2-bin (1:2.24-0ubuntu2) ...
Setting up libfribidi0:armhf (0.19.6-1) ...
Setting up libsqlite3-0:armhf (3.8.6-1) ...
Setting up libtext-iconv-perl (1.7-5build3) ...
Setting up libexpat1:armhf (2.1.0-6ubuntu1) ...
Setting up liblockfile-bin (1.09-6ubuntu1) ...
Setting up libnewt0.52:armhf (0.52.15-3ubuntu1) ...
update-alternatives: using /etc/newt/palette.ubuntu to provide /etc/newt/palette (newt-palette) in auto mode
Setting up net-tools (1.60-26ubuntu1) ...
Setting up ureadahead (0.100.0-16) ...
Setting up xkb-data (2.12-1ubuntu1) ...
Setting up libbsd0:armhf (0.7.0-2) ...
Setting up liblocale-gettext-perl (1.05-8build1) ...
Setting up ubuntu-keyring (2012.05.19) ...
gpg: key 437D05B5: public key "Ubuntu Archive Automatic Signing Key <ftpmaster@ubuntu.com>" imported
gpg: key FBB75451: public key "Ubuntu CD Image Automatic Signing Key <cdimage@ubuntu.com>" imported
gpg: key C0B21F32: public key "Ubuntu Archive Automatic Signing Key (2012) <ftpmaster@ubuntu.com>" imported
gpg: key EFE21092: public key "Ubuntu CD Image Automatic Signing Key (2012) <cdimage@ubuntu.com>" imported
gpg: Total number processed: 4
gpg:               imported: 4  (RSA: 2)
Setting up mime-support (3.55ubuntu1) ...
Setting up cron (3.0pl1-124.1ubuntu1) ...
Adding group `crontab' (GID 102) ...
Done.
update-rc.d: warning: start and stop actions are no longer supported; falling back to defaults
update-rc.d: warning: stop runlevel arguments (1) do not match cron Default-Stop values (none)
 * Starting periodic command scheduler cron

Warning: Fake start-stop-daemon called, doing nothing
   ...done.
Setting up libp11-kit0:armhf (0.20.2-5) ...
Setting up libnettle4:armhf (2.7.1-3) ...
Setting up ntpdate (1:4.2.6.p5+dfsg-3ubuntu2) ...
Setting up libgmp10:armhf (2:6.0.0+dfsg-4build1) ...
Setting up rsyslog (7.4.4-1ubuntu11) ...

Creating config file /etc/rsyslog.d/50-default.conf with new version
Adding user `syslog' to group `adm' ...
Adding user syslog to group adm
Done.
 * Starting enhanced syslogd rsyslogd

Warning: Fake start-stop-daemon called, doing nothing
   ...done.
Setting up libstdc++6:armhf (4.9.1-16ubuntu6) ...
Setting up isc-dhcp-client (4.2.4-7ubuntu14) ...
Setting up vim-tiny (2:7.4.273-2ubuntu4) ...
update-alternatives: using /usr/bin/vim.tiny to provide /usr/bin/rview (rview) in auto mode
update-alternatives: using /usr/bin/vim.tiny to provide /usr/bin/vi (vi) in auto mode
update-alternatives: using /usr/bin/vim.tiny to provide /usr/bin/view (view) in auto mode
update-alternatives: using /usr/bin/vim.tiny to provide /usr/bin/ex (ex) in auto mode
update-alternatives: using /usr/bin/vim.tiny to provide /usr/bin/editor (editor) in auto mode
Setting up less (458-2) ...
Setting up libtext-charwidth-perl (0.04-7build4) ...
Setting up readline-common (6.3-8ubuntu1) ...
Setting up liblockfile1:armhf (1.09-6ubuntu1) ...
Setting up libtext-wrapi18n-perl (0.06-7) ...
Setting up whiptail (0.52.15-3ubuntu1) ...
Setting up libhogweed2:armhf (2.7.1-3) ...
Setting up libapt-pkg4.12:armhf (1.0.9.2ubuntu2) ...
Setting up netcat-openbsd (1.105-7ubuntu1) ...
update-alternatives: using /bin/nc.openbsd to provide /bin/nc (nc) in auto mode
Setting up libapt-inst1.5:armhf (1.0.9.2ubuntu2) ...
Setting up libreadline6:armhf (6.3-8ubuntu1) ...
Setting up python3.4-minimal (3.4.2-1) ...
Setting up lockfile-progs (0.1.17) ...
Setting up gnupg (1.4.16-1.2ubuntu1) ...
Setting up debconf-i18n (1.5.53ubuntu1) ...
Setting up keyboard-configuration (1.70ubuntu9) ...
update-rc.d: warning: start and stop actions are no longer supported; falling back to defaults
update-initramfs: deferring update (trigger activated)
Setting up python3-minimal (3.4.2-1) ...
Setting up libpython3.4-stdlib:armhf (3.4.2-1) ...
Setting up libgnutls-deb0-28:armhf (3.2.16-1ubuntu2) ...
Setting up libpython3-stdlib:armhf (3.4.2-1) ...
Setting up apt (1.0.9.2ubuntu2) ...
Setting up python3.4 (3.4.2-1) ...
Setting up libgnutls-openssl27:armhf (3.2.16-1ubuntu2) ...
Setting up iputils-ping (3:20121221-5ubuntu2) ...
Setcap is not installed, falling back to setuid
Setting up apt-utils (1.0.9.2ubuntu2) ...
Processing triggers for ureadahead (0.100.0-16) ...
Setting up logrotate (3.8.7-1ubuntu1) ...
Setting up dh-python (1.20140511-1) ...
Setting up python3 (3.4.2-1) ...
Setting up lsb-release (4.1+Debian11ubuntu8) ...
Setting up console-setup (1.70ubuntu9) ...
update-alternatives: using /etc/console-setup/vtrgb to provide /etc/vtrgb (vtrgb) in auto mode
Your console font configuration will be updated the next time your system
boots. If you want to update it now, run 'setupcon' from a virtual console.
update-initramfs: deferring update (trigger activated)
Setting up libdevmapper1.02.1:armhf (2:1.02.77-6ubuntu2) ...
Setting up dmsetup (2:1.02.77-6ubuntu2) ...
update-initramfs: deferring update (trigger activated)
Setting up eject (2.1.5+deb1+cvs20081104-13.1) ...
Processing triggers for ureadahead (0.100.0-16) ...
Setting up kbd (1.15.5-1ubuntu1) ...
Setting up ubuntu-minimal (1.327) ...
Processing triggers for libc-bin (2.19-10ubuntu2) ...
Processing triggers for initramfs-tools (0.103ubuntu8) ...
